========================================================================================================================
Symbol Table: Global                                                             Parent: null
------------------------------------------------------------------------------------------------------------------------
Name           Type                     Category       Initial Value                 Size        Offset      Nested
------------------------------------------------------------------------------------------------------------------------
printStr       integer                  function                                     4           0           printStr
readInt        integer                  function                                     4           4           readInt
printInt       integer                  function                                     4           8           printInt
pow            integer                  function                                     4           12          pow
main           integer                  function                                     4           16          main
------------------------------------------------------------------------------------------------------------------------

========================================================================================================================
Symbol Table: printStr                                                           Parent: Global
------------------------------------------------------------------------------------------------------------------------
Name           Type                     Category       Initial Value                 Size        Offset      Nested
------------------------------------------------------------------------------------------------------------------------
c              ptr(char)                param                                        4           0           null
return         integer                  local                                        4           4           null
------------------------------------------------------------------------------------------------------------------------

========================================================================================================================
Symbol Table: readInt                                                            Parent: Global
------------------------------------------------------------------------------------------------------------------------
Name           Type                     Category       Initial Value                 Size        Offset      Nested
------------------------------------------------------------------------------------------------------------------------
ep             ptr(integer)             param                                        4           0           null
return         integer                  local                                        4           4           null
------------------------------------------------------------------------------------------------------------------------

========================================================================================================================
Symbol Table: printInt                                                           Parent: Global
------------------------------------------------------------------------------------------------------------------------
Name           Type                     Category       Initial Value                 Size        Offset      Nested
------------------------------------------------------------------------------------------------------------------------
i              integer                  param                                        4           0           null
return         integer                  local                                        4           4           null
------------------------------------------------------------------------------------------------------------------------

========================================================================================================================
Symbol Table: pow                                                                Parent: Global
------------------------------------------------------------------------------------------------------------------------
Name           Type                     Category       Initial Value                 Size        Offset      Nested
------------------------------------------------------------------------------------------------------------------------
a              integer                  param                                        4           0           null
b              integer                  param                                        4           4           null
return         integer                  local                                        4           8           null
val            integer                  local                                        4           12          null
t00            integer                  temp           0                             4           16          null
t01            integer                  temp           1                             4           20          null
t02            integer                  temp                                         4           24          null
t03            integer                  temp           1                             4           28          null
t04            integer                  temp                                         4           32          null
pow            integer                  local                                        4           36          null
t05            integer                  temp           1                             4           40          null
t06            integer                  temp                                         4           44          null
t07            integer                  temp                                         4           48          null
t08            integer                  temp                                         4           52          null
t09            integer                  temp                                         4           56          null
------------------------------------------------------------------------------------------------------------------------

========================================================================================================================
Symbol Table: main                                                               Parent: Global
------------------------------------------------------------------------------------------------------------------------
Name           Type                     Category       Initial Value                 Size        Offset      Nested
------------------------------------------------------------------------------------------------------------------------
return         integer                  local                                        4           0           null
i              integer                  local                                        4           4           null
j              integer                  local          5                             4           8           null
t00            integer                  temp           5                             4           12          null
c              integer                  local                                        4           16          null
b              ptr(integer)             local                                        4           20          null
t01            ptr(integer)             temp                                         4           24          null
printStr       integer                  local                                        4           28          null
t02            ptr(char)                temp           "###################################################################################\n"4           32          null
t03            integer                  temp                                         4           36          null
t04            ptr(char)                temp           "CALCULATING a^b USING RECURSIVE FUNCTION:\n"4           40          null
t05            integer                  temp                                         4           44          null
t06            ptr(char)                temp           "Enter the BASE     : "       4           48          null
t07            integer                  temp                                         4           52          null
readInt        integer                  local                                        4           56          null
t08            integer                  temp                                         4           60          null
t09            integer                  temp                                         4           64          null
t10            ptr(char)                temp           "Enter the EXPONENT : "       4           68          null
t11            integer                  temp                                         4           72          null
t12            integer                  temp                                         4           76          null
t13            integer                  temp                                         4           80          null
pow            integer                  local                                        4           84          null
t14            integer                  temp                                         4           88          null
t15            integer                  temp                                         4           92          null
t16            ptr(char)                temp           "The value of "               4           96          null
t17            integer                  temp                                         4           100         null
printInt       integer                  local                                        4           104         null
t18            integer                  temp                                         4           108         null
t19            ptr(char)                temp           "^"                           4           112         null
t20            integer                  temp                                         4           116         null
t21            integer                  temp                                         4           120         null
t22            ptr(char)                temp           " is : "                      4           124         null
t23            integer                  temp                                         4           128         null
t24            integer                  temp                                         4           132         null
t25            ptr(char)                temp           "\n"                          4           136         null
t26            integer                  temp                                         4           140         null
t27            ptr(char)                temp           "###################################################################################\n"4           144         null
t28            integer                  temp                                         4           148         null
t29            integer                  temp           0                             4           152         null
------------------------------------------------------------------------------------------------------------------------

==============================
Quad Translation
------------------------------

pow: 

	1   :	t00 = 0
	2   :	if b == t00 goto 5
	3   :	goto 8
	4   :	goto 21
	5   :	t01 = 1
	6   :	val = t01
	7   :	goto 21
	8   :	t03 = 1
	9   :	if b == t03 goto 12
	10  :	goto 14
	11  :	goto 21
	12  :	val = a
	13  :	goto 21
	14  :	param a
	15  :	t05 = 1
	16  :	t06 = b - t05
	17  :	param t06
	18  :	t07 = call pow, 2
	19  :	t08 = a *t07
	20  :	val = t08
	21  :	ret val

main: 

	24  :	t00 = 5
	25  :	j = t00
	26  :	t01 = &c
	27  :	b = t01
	28  :	op
	29  :	param t02
	30  :	t03 = call printStr, 1
	31  :	op
	32  :	param t04
	33  :	t05 = call printStr, 1
	34  :	op
	35  :	param t06
	36  :	t07 = call printStr, 1
	37  :	param b
	38  :	t08 = call readInt, 1
	39  :	i = t08
	40  :	op
	41  :	param t10
	42  :	t11 = call printStr, 1
	43  :	param b
	44  :	t12 = call readInt, 1
	45  :	j = t12
	46  :	param i
	47  :	param j
	48  :	t14 = call pow, 2
	49  :	c = t14
	50  :	op
	51  :	param t16
	52  :	t17 = call printStr, 1
	53  :	param i
	54  :	t18 = call printInt, 1
	55  :	op
	56  :	param t19
	57  :	t20 = call printStr, 1
	58  :	param j
	59  :	t21 = call printInt, 1
	60  :	op
	61  :	param t22
	62  :	t23 = call printStr, 1
	63  :	param c
	64  :	t24 = call printInt, 1
	65  :	op
	66  :	param t25
	67  :	t26 = call printStr, 1
	68  :	op
	69  :	param t27
	70  :	t28 = call printStr, 1
	71  :	t29 = 0
	72  :	ret t29
------------------------------
