========================================================================================================================
Symbol Table: Global                                                             Parent: null
------------------------------------------------------------------------------------------------------------------------
Name           Type                     Category       Initial Value                 Size        Offset      Nested
------------------------------------------------------------------------------------------------------------------------
printInt       integer                  function                                     4           0           printInt
printStr       integer                  function                                     4           4           printStr
readInt        integer                  function                                     4           8           readInt
test           integer                  function                                     4           12          test
main           integer                  function                                     4           16          main
------------------------------------------------------------------------------------------------------------------------

========================================================================================================================
Symbol Table: printInt                                                           Parent: Global
------------------------------------------------------------------------------------------------------------------------
Name           Type                     Category       Initial Value                 Size        Offset      Nested
------------------------------------------------------------------------------------------------------------------------
num            integer                  param                                        4           0           null
return         integer                  local                                        4           4           null
------------------------------------------------------------------------------------------------------------------------

========================================================================================================================
Symbol Table: printStr                                                           Parent: Global
------------------------------------------------------------------------------------------------------------------------
Name           Type                     Category       Initial Value                 Size        Offset      Nested
------------------------------------------------------------------------------------------------------------------------
c              ptr(char)                param                                        4           0           null
return         integer                  local                                        4           4           null
------------------------------------------------------------------------------------------------------------------------

========================================================================================================================
Symbol Table: readInt                                                            Parent: Global
------------------------------------------------------------------------------------------------------------------------
Name           Type                     Category       Initial Value                 Size        Offset      Nested
------------------------------------------------------------------------------------------------------------------------
eP             ptr(integer)             param                                        4           0           null
return         integer                  local                                        4           4           null
------------------------------------------------------------------------------------------------------------------------

========================================================================================================================
Symbol Table: test                                                               Parent: Global
------------------------------------------------------------------------------------------------------------------------
Name           Type                     Category       Initial Value                 Size        Offset      Nested
------------------------------------------------------------------------------------------------------------------------
a              ptr(integer)             param                                        4           0           null
return         integer                  local                                        4           4           null
printStr       integer                  local                                        4           8           null
t00            ptr(char)                temp           "Value stored in pointer argument: "4           12          null
t01            integer                  temp                                         4           16          null
printInt       integer                  local                                        4           20          null
t02            integer                  temp                                         4           24          null
t03            ptr(char)                temp           "\n"                          4           28          null
t04            integer                  temp                                         4           32          null
------------------------------------------------------------------------------------------------------------------------

========================================================================================================================
Symbol Table: main                                                               Parent: Global
------------------------------------------------------------------------------------------------------------------------
Name           Type                     Category       Initial Value                 Size        Offset      Nested
------------------------------------------------------------------------------------------------------------------------
return         integer                  local                                        4           0           null
a              integer                  local                                        4           4           null
b              integer                  local                                        4           8           null
e              ptr(integer)             local                                        4           12          null
printStr       integer                  local                                        4           16          null
t00            ptr(char)                temp           "###################################################################################\n"4           20          null
t01            integer                  temp                                         4           24          null
t02            ptr(char)                temp           "TESTING FUNCTIONS WITH POINTER ARGUMENTS:\n"4           28          null
t03            integer                  temp                                         4           32          null
t04            integer                  temp           3                             4           36          null
t05            integer                  temp                                         4           40          null
t06            ptr(integer)             temp                                         4           44          null
t07            ptr(null)                temp                                         4           48          null
t08            ptr(char)                temp           "Passing parameter to function : int test(int *a)    \n"4           52          null
t09            integer                  temp                                         4           56          null
t10            ptr(char)                temp           "Value passed to function: "  4           60          null
t11            integer                  temp                                         4           64          null
printInt       integer                  local                                        4           68          null
t12            integer                  temp                                         4           72          null
t13            ptr(char)                temp           "\n"                          4           76          null
t14            integer                  temp                                         4           80          null
test           integer                  local                                        4           84          null
t15            integer                  temp                                         4           88          null
t16            integer                  temp                                         4           92          null
t17            ptr(char)                temp           "Value returned from function is: "4           96          null
t18            integer                  temp                                         4           100         null
t19            integer                  temp                                         4           104         null
t20            ptr(char)                temp           "\n"                          4           108         null
t21            integer                  temp                                         4           112         null
t22            ptr(char)                temp           "###################################################################################\n"4           116         null
t23            integer                  temp                                         4           120         null
t24            integer                  temp           0                             4           124         null
------------------------------------------------------------------------------------------------------------------------

==============================
Quad Translation
------------------------------

test: 

	1   :	op
	2   :	param t00
	3   :	t01 = call printStr, 1
	4   :	param a
	5   :	t02 = call printInt, 1
	6   :	op
	7   :	param t03
	8   :	t04 = call printStr, 1
	9   :	ret a

main: 

	12  :	op
	13  :	param t00
	14  :	t01 = call printStr, 1
	15  :	op
	16  :	param t02
	17  :	t03 = call printStr, 1
	18  :	t04 = 3
	19  :	b = t04
	20  :	t06 = &b
	21  :	e = t06
	22  :	op
	23  :	param t08
	24  :	t09 = call printStr, 1
	25  :	op
	26  :	param t10
	27  :	t11 = call printStr, 1
	28  :	param b
	29  :	t12 = call printInt, 1
	30  :	op
	31  :	param t13
	32  :	t14 = call printStr, 1
	33  :	param b
	34  :	t15 = call test, 1
	35  :	a = t15
	36  :	op
	37  :	param t17
	38  :	t18 = call printStr, 1
	39  :	param a
	40  :	t19 = call printInt, 1
	41  :	op
	42  :	param t20
	43  :	t21 = call printStr, 1
	44  :	op
	45  :	param t22
	46  :	t23 = call printStr, 1
	47  :	t24 = 0
	48  :	ret t24
------------------------------
