========================================================================================================================
Symbol Table: Global                                                             Parent: null
------------------------------------------------------------------------------------------------------------------------
Name           Type                     Category       Initial Value                 Size        Offset      Nested
------------------------------------------------------------------------------------------------------------------------
printStr       integer                  function                                     4           0           printStr
printInt       integer                  function                                     4           4           printInt
readInt        integer                  function                                     4           8           readInt
main           integer                  function                                     4           12          main
------------------------------------------------------------------------------------------------------------------------

========================================================================================================================
Symbol Table: printStr                                                           Parent: Global
------------------------------------------------------------------------------------------------------------------------
Name           Type                     Category       Initial Value                 Size        Offset      Nested
------------------------------------------------------------------------------------------------------------------------
c              ptr(char)                param                                        4           0           null
return         integer                  local                                        4           4           null
------------------------------------------------------------------------------------------------------------------------

========================================================================================================================
Symbol Table: printInt                                                           Parent: Global
------------------------------------------------------------------------------------------------------------------------
Name           Type                     Category       Initial Value                 Size        Offset      Nested
------------------------------------------------------------------------------------------------------------------------
i              integer                  param                                        4           0           null
return         integer                  local                                        4           4           null
------------------------------------------------------------------------------------------------------------------------

========================================================================================================================
Symbol Table: readInt                                                            Parent: Global
------------------------------------------------------------------------------------------------------------------------
Name           Type                     Category       Initial Value                 Size        Offset      Nested
------------------------------------------------------------------------------------------------------------------------
eP             ptr(integer)             param                                        4           0           null
return         integer                  local                                        4           4           null
------------------------------------------------------------------------------------------------------------------------

========================================================================================================================
Symbol Table: main                                                               Parent: Global
------------------------------------------------------------------------------------------------------------------------
Name           Type                     Category       Initial Value                 Size        Offset      Nested
------------------------------------------------------------------------------------------------------------------------
return         integer                  local                                        4           0           null
eP             integer                  local                                        4           4           null
printStr       integer                  local                                        4           8           null
t00            ptr(char)                temp           "###################################################################################\n"4           12          null
t01            integer                  temp                                         4           16          null
t02            ptr(char)                temp           "FUNCTION TO PRINT LOWER TRIANGLE USING NESTED LOOPS:\n"4           20          null
t03            integer                  temp                                         4           24          null
t04            ptr(char)                temp           "ENTER SIZE OF THE TRIANGLE: "4           28          null
t05            integer                  temp                                         4           32          null
b              integer                  local                                        4           36          null
n              integer                  local                                        4           40          null
i              integer                  local                                        4           44          null
j              integer                  local                                        4           48          null
readInt        integer                  local                                        4           52          null
ep             integer                  local                                        4           56          null
t06            ptr(integer)             temp                                         4           60          null
t07            integer                  temp                                         4           64          null
t08            integer                  temp                                         4           68          null
t09            integer                  temp           0                             4           72          null
t10            integer                  temp                                         4           76          null
t11            integer                  temp           2                             4           80          null
t12            integer                  temp                                         4           84          null
t13            integer                  temp           1                             4           88          null
t14            integer                  temp                                         4           92          null
t15            integer                  temp                                         4           96          null
t16            ptr(char)                temp           "\n"                          4           100         null
t17            integer                  temp                                         4           104         null
t18            integer                  temp           0                             4           108         null
t19            integer                  temp                                         4           112         null
t20            integer                  temp                                         4           116         null
t21            ptr(char)                temp           "*"                           4           120         null
t22            integer                  temp                                         4           124         null
t23            ptr(char)                temp           "\n"                          4           128         null
t24            integer                  temp                                         4           132         null
t25            ptr(char)                temp           "###################################################################################\n"4           136         null
t26            integer                  temp                                         4           140         null
t27            integer                  temp           0                             4           144         null
------------------------------------------------------------------------------------------------------------------------

==============================
Quad Translation
------------------------------

main: 

	1   :	op
	2   :	param t00
	3   :	t01 = call printStr, 1
	4   :	op
	5   :	param t02
	6   :	t03 = call printStr, 1
	7   :	op
	8   :	param t04
	9   :	t05 = call printStr, 1
	10  :	t06 = &ep
	11  :	param t06
	12  :	t07 = call readInt, 1
	13  :	n = t07
	14  :	t09 = 0
	15  :	i = t09
	16  :	t11 = 2
	17  :	t12 = t11 *n
	18  :	t13 = 1
	19  :	t14 = t12 - t13
	20  :	if i<t14 goto 25
	21  :	goto 40
	22  :	t15 = i
	23  :	i = i + 1
	24  :	goto 16
	25  :	op
	26  :	param t16
	27  :	t17 = call printStr, 1
	28  :	t18 = 0
	29  :	j = t18
	30  :	if j <= i goto 35
	31  :	goto 22
	32  :	t20 = j
	33  :	j = j + 1
	34  :	goto 30
	35  :	op
	36  :	param t21
	37  :	t22 = call printStr, 1
	38  :	goto 32
	39  :	goto 22
	40  :	op
	41  :	param t23
	42  :	t24 = call printStr, 1
	43  :	op
	44  :	param t25
	45  :	t26 = call printStr, 1
	46  :	t27 = 0
	47  :	ret t27
------------------------------
