========================================================================================================================
Symbol Table: Global                                                             Parent: null
------------------------------------------------------------------------------------------------------------------------
Name           Type                     Category       Initial Value                 Size        Offset      Nested
------------------------------------------------------------------------------------------------------------------------
printStr       integer                  function                                     4           0           printStr
printInt       integer                  function                                     4           4           printInt
readInt        integer                  function                                     4           8           readInt
fib            integer                  function                                     4           12          fib
main           integer                  function                                     4           16          main
------------------------------------------------------------------------------------------------------------------------

========================================================================================================================
Symbol Table: printStr                                                           Parent: Global
------------------------------------------------------------------------------------------------------------------------
Name           Type                     Category       Initial Value                 Size        Offset      Nested
------------------------------------------------------------------------------------------------------------------------
c              ptr(char)                param                                        4           0           null
return         integer                  local                                        4           4           null
------------------------------------------------------------------------------------------------------------------------

========================================================================================================================
Symbol Table: printInt                                                           Parent: Global
------------------------------------------------------------------------------------------------------------------------
Name           Type                     Category       Initial Value                 Size        Offset      Nested
------------------------------------------------------------------------------------------------------------------------
i              integer                  param                                        4           0           null
return         integer                  local                                        4           4           null
------------------------------------------------------------------------------------------------------------------------

========================================================================================================================
Symbol Table: readInt                                                            Parent: Global
------------------------------------------------------------------------------------------------------------------------
Name           Type                     Category       Initial Value                 Size        Offset      Nested
------------------------------------------------------------------------------------------------------------------------
eP             ptr(integer)             param                                        4           0           null
return         integer                  local                                        4           4           null
------------------------------------------------------------------------------------------------------------------------

========================================================================================================================
Symbol Table: fib                                                                Parent: Global
------------------------------------------------------------------------------------------------------------------------
Name           Type                     Category       Initial Value                 Size        Offset      Nested
------------------------------------------------------------------------------------------------------------------------
a              integer                  param                                        4           0           null
return         integer                  local                                        4           4           null
b              integer                  local                                        4           8           null
t00            integer                  temp           1                             4           12          null
t01            integer                  temp                                         4           16          null
c              integer                  local                                        4           20          null
d              integer                  local                                        4           24          null
t02            integer                  temp           0                             4           28          null
t03            integer                  temp           1                             4           32          null
t04            integer                  temp                                         4           36          null
fib            integer                  local                                        4           40          null
t05            integer                  temp                                         4           44          null
t06            integer                  temp                                         4           48          null
t07            integer                  temp           1                             4           52          null
t08            integer                  temp                                         4           56          null
t09            integer                  temp                                         4           60          null
t10            integer                  temp                                         4           64          null
t11            integer                  temp                                         4           68          null
t12            integer                  temp                                         4           72          null
t13            integer                  temp                                         4           76          null
------------------------------------------------------------------------------------------------------------------------

========================================================================================================================
Symbol Table: main                                                               Parent: Global
------------------------------------------------------------------------------------------------------------------------
Name           Type                     Category       Initial Value                 Size        Offset      Nested
------------------------------------------------------------------------------------------------------------------------
return         integer                  local                                        4           0           null
printStr       integer                  local                                        4           4           null
t00            ptr(char)                temp           "##################################################################################################################\n"4           8           null
t01            integer                  temp                                         4           12          null
n              integer                  local                                        4           16          null
err            integer                  local          1                             4           20          null
t02            integer                  temp           1                             4           24          null
t03            ptr(char)                temp           "Program to compute fibonacci number\n"4           28          null
t04            integer                  temp                                         4           32          null
t05            ptr(char)                temp           "Enter a Number: "            4           36          null
t06            integer                  temp                                         4           40          null
readInt        integer                  local                                        4           44          null
t07            ptr(integer)             temp                                         4           48          null
t08            integer                  temp                                         4           52          null
t09            integer                  temp                                         4           56          null
t10            ptr(char)                temp           "\nNth fibonacci number is: " 4           60          null
t11            integer                  temp                                         4           64          null
p              integer                  local                                        4           68          null
fib            integer                  local                                        4           72          null
t12            integer                  temp                                         4           76          null
t13            integer                  temp                                         4           80          null
printInt       integer                  local                                        4           84          null
t14            integer                  temp                                         4           88          null
t15            ptr(char)                temp           "\n"                          4           92          null
t16            integer                  temp                                         4           96          null
t17            ptr(char)                temp           "##################################################################################################################\n"4           100         null
t18            integer                  temp                                         4           104         null
t19            integer                  temp           0                             4           108         null
------------------------------------------------------------------------------------------------------------------------

==============================
Quad Translation
------------------------------

fib: 

	1   :	t00 = 1
	2   :	t01 = a - t00
	3   :	b = t01
	4   :	t02 = 0
	5   :	if b <= t02 goto 8
	6   :	goto 11
	7   :	goto 22
	8   :	t03 = 1
	9   :	c = t03
	10  :	goto 22
	11  :	param b
	12  :	t05 = call fib, 1
	13  :	c = t05
	14  :	t07 = 1
	15  :	t08 = b - t07
	16  :	b = t08
	17  :	param b
	18  :	t10 = call fib, 1
	19  :	d = t10
	20  :	t12 = c + d
	21  :	c = t12
	22  :	ret c

main: 

	25  :	op
	26  :	param t00
	27  :	t01 = call printStr, 1
	28  :	t02 = 1
	29  :	err = t02
	30  :	op
	31  :	param t03
	32  :	t04 = call printStr, 1
	33  :	op
	34  :	param t05
	35  :	t06 = call printStr, 1
	36  :	t07 = &err
	37  :	param t07
	38  :	t08 = call readInt, 1
	39  :	n = t08
	40  :	op
	41  :	param t10
	42  :	t11 = call printStr, 1
	43  :	param n
	44  :	t12 = call fib, 1
	45  :	p = t12
	46  :	param p
	47  :	t14 = call printInt, 1
	48  :	op
	49  :	param t15
	50  :	t16 = call printStr, 1
	51  :	op
	52  :	param t17
	53  :	t18 = call printStr, 1
	54  :	t19 = 0
	55  :	ret t19
------------------------------
